<?xml version="1.0" encoding="UTF-8"?>
<!-- Generated by org.testng.reporters.JUnitXMLReporter -->
<testsuite ignored="0" hostname="DESKTOP-QE60BAB" failures="0" tests="4" name="Test(failed)(failed)" time="0.079" errors="0" timestamp="2023-05-14T14:01:45 IST">
  <testcase classname="testNG_features.Keyword4" name="loginTest" time="0.01"/>
  <testcase classname="testNG_features.Keyword4" name="RefreshPage" time="0.001"/>
  <testcase classname="testNG_features.Keyword4" name="Homepage" time="0.001"/>
  <testcase classname="testNG_features.Keyword4" name="Searchpage" time="0.002"/>
</testsuite> <!-- Test(failed)(failed) -->
