<?xml version="1.0" encoding="UTF-8"?>
<!-- Generated by org.testng.reporters.JUnitXMLReporter -->
<testsuite ignored="0" hostname="DESKTOP-QE60BAB" failures="1" tests="8" name="Test(failed)" time="33.854" errors="0" timestamp="2023-05-14T14:00:14 IST">
  <testcase classname="testNG_features.Keyword7" name="loop" time="0.023"/>
  <testcase classname="testNG_features.Keywords1" name="B" time="0.501"/>
  <testcase classname="testNG_features.Keywords1" name="C" time="0.511"/>
  <testcase classname="testNG_features.Keywords1" name="A" time="0.004"/>
  <testcase classname="testNG_features.Keyword4" name="loginTest" time="0.003">
    <failure type="java.lang.ArithmeticException" message="/ by zero">
      <![CDATA[java.lang.ArithmeticException: / by zero
at testNG_features.Keyword4.loginTest(Keyword4.java:9)
at java.base/java.util.ArrayList.forEach(ArrayList.java:1511)
... Removed 27 stack frames]]>
    </failure>
  </testcase> <!-- loginTest -->
  <testcase classname="testNG_features.Keyword4" name="RefreshPage" time="0.0">
    <skipped/>
  </testcase> <!-- RefreshPage -->
  <testcase classname="testNG_features.Keyword4" name="Homepage" time="0.0">
    <skipped/>
  </testcase> <!-- Homepage -->
  <testcase classname="testNG_features.Keyword4" name="Searchpage" time="0.0">
    <skipped/>
  </testcase> <!-- Searchpage -->
</testsuite> <!-- Test(failed) -->
