<?xml version="1.0" encoding="UTF-8"?>
<testng-results ignored="1" total="2" passed="1" failed="0" skipped="0">
  <reporter-output>
  </reporter-output>
  <suite started-at="2023-05-14T14:15:53 IST" name="Suite" finished-at="2023-05-14T14:16:03 IST" duration-ms="10500">
    <groups>
    </groups>
    <test started-at="2023-05-14T14:15:53 IST" name="Test" finished-at="2023-05-14T14:16:03 IST" duration-ms="10500">
      <class name="testNG_features.IncludeandExcludeTcs">
        <test-method signature="M1()[pri:0, instance:testNG_features.IncludeandExcludeTcs@55536d9e]" started-at="2023-05-14T14:15:53 IST" name="M1" finished-at="2023-05-14T14:16:03 IST" duration-ms="10417" status="PASS">
          <reporter-output>
          </reporter-output>
        </test-method> <!-- M1 -->
      </class> <!-- testNG_features.IncludeandExcludeTcs -->
    </test> <!-- Test -->
  </suite> <!-- Suite -->
</testng-results>
